TN:
SF:src/App.tsx
FN:27,(anonymous_1)
FN:35,(anonymous_2)
FN:40,(anonymous_3)
FN:42,(anonymous_4)
FN:51,(anonymous_5)
FN:77,(anonymous_6)
FN:93,(anonymous_7)
FNF:7
FNH:4
FNDA:2,(anonymous_1)
FNDA:0,(anonymous_2)
FNDA:2,(anonymous_3)
FNDA:0,(anonymous_4)
FNDA:2,(anonymous_5)
FNDA:2,(anonymous_6)
FNDA:0,(anonymous_7)
DA:2,1
DA:5,1
DA:8,1
DA:9,1
DA:12,1
DA:15,1
DA:21,1
DA:22,1
DA:23,1
DA:24,1
DA:27,1
DA:29,2
DA:32,2
DA:35,2
DA:36,0
DA:40,2
DA:42,2
DA:43,0
DA:44,0
DA:45,0
DA:50,2
DA:51,2
DA:53,2
DA:57,2
DA:77,1
DA:79,2
DA:81,2
DA:94,0
DA:95,0
DA:129,1
LF:30
LH:24
BRDA:44,0,0,0
BRDA:44,1,0,0
BRDA:44,1,1,0
BRDA:44,1,2,0
BRDA:107,2,0,0
BRDA:107,2,1,2
BRF:6
BRH:1
end_of_record
TN:
SF:src/components/CallToAction.tsx
FN:21,(anonymous_0)
FN:31,(anonymous_1)
FN:32,(anonymous_2)
FN:43,(anonymous_3)
FN:53,(anonymous_4)
FN:60,(anonymous_5)
FN:61,(anonymous_6)
FN:61,(anonymous_7)
FN:66,(anonymous_8)
FN:139,(anonymous_9)
FN:163,(anonymous_10)
FN:171,(anonymous_11)
FN:185,(anonymous_12)
FN:195,(anonymous_13)
FN:212,(anonymous_14)
FN:219,(anonymous_15)
FN:235,(anonymous_16)
FN:245,(anonymous_17)
FN:254,(anonymous_18)
FN:286,(anonymous_19)
FN:296,(anonymous_20)
FN:311,(anonymous_21)
FN:334,(anonymous_22)
FN:344,(anonymous_23)
FN:359,(anonymous_24)
FN:364,(anonymous_25)
FN:373,(anonymous_26)
FN:390,(anonymous_27)
FN:395,(anonymous_28)
FN:404,(anonymous_29)
FN:435,(anonymous_30)
FN:440,(anonymous_31)
FN:450,(anonymous_32)
FN:468,(anonymous_33)
FN:509,(anonymous_34)
FNF:35
FNH:12
FNDA:9,(anonymous_0)
FNDA:4,(anonymous_1)
FNDA:1,(anonymous_2)
FNDA:4,(anonymous_3)
FNDA:0,(anonymous_4)
FNDA:0,(anonymous_5)
FNDA:0,(anonymous_6)
FNDA:0,(anonymous_7)
FNDA:0,(anonymous_8)
FNDA:0,(anonymous_9)
FNDA:0,(anonymous_10)
FNDA:1,(anonymous_11)
FNDA:0,(anonymous_12)
FNDA:0,(anonymous_13)
FNDA:0,(anonymous_14)
FNDA:0,(anonymous_15)
FNDA:0,(anonymous_16)
FNDA:2,(anonymous_17)
FNDA:0,(anonymous_18)
FNDA:1,(anonymous_19)
FNDA:1,(anonymous_20)
FNDA:0,(anonymous_21)
FNDA:0,(anonymous_22)
FNDA:22,(anonymous_23)
FNDA:0,(anonymous_24)
FNDA:0,(anonymous_25)
FNDA:0,(anonymous_26)
FNDA:0,(anonymous_27)
FNDA:0,(anonymous_28)
FNDA:0,(anonymous_29)
FNDA:1,(anonymous_30)
FNDA:1,(anonymous_31)
FNDA:0,(anonymous_32)
FNDA:1,(anonymous_33)
FNDA:0,(anonymous_34)
DA:8,3
DA:9,3
DA:10,3
DA:11,3
DA:19,3
DA:21,3
DA:22,9
DA:23,9
DA:26,9
DA:27,9
DA:28,9
DA:31,9
DA:32,4
DA:33,1
DA:34,1
DA:35,1
DA:36,1
DA:38,1
DA:43,9
DA:44,4
DA:45,3
DA:46,3
DA:48,1
DA:53,9
DA:54,0
DA:55,0
DA:56,0
DA:60,9
DA:61,0
DA:62,0
DA:66,9
DA:67,0
DA:68,0
DA:70,0
DA:71,0
DA:77,0
DA:78,0
DA:80,0
DA:81,0
DA:100,9
DA:103,9
DA:139,0
DA:163,0
DA:171,1
DA:186,0
DA:195,0
DA:212,0
DA:219,0
DA:236,0
DA:245,2
DA:254,0
DA:287,1
DA:297,1
DA:312,0
DA:335,0
DA:345,22
DA:360,0
DA:365,0
DA:374,0
DA:391,0
DA:396,0
DA:405,0
DA:436,1
DA:441,1
DA:451,0
DA:469,1
DA:509,0
DA:528,3
LF:68
LH:37
BRDA:35,0,0,1
BRDA:44,1,0,3
BRDA:44,1,1,1
BRDA:87,2,0,0
BRDA:88,3,0,0
BRDA:89,4,0,0
BRDA:90,5,0,0
BRDA:91,6,0,0
BRDA:92,7,0,0
BRDA:93,8,0,0
BRDA:94,9,0,0
BRDA:95,10,0,0
BRDA:96,11,0,0
BRDA:97,12,0,0
BRDA:98,13,0,0
BRDA:99,14,0,0
BRDA:108,15,0,9
BRDA:108,15,1,0
BRDA:117,16,0,0
BRDA:117,16,1,0
BRDA:264,17,0,9
BRDA:264,17,1,6
BRDA:268,18,0,2
BRDA:268,18,1,4
BRDA:270,19,0,0
BRDA:270,19,1,4
BRDA:272,20,0,0
BRDA:272,20,1,4
BRDA:276,21,0,2
BRDA:276,21,1,4
BRDA:276,22,0,6
BRDA:276,22,1,4
BRDA:284,23,0,2
BRDA:284,23,1,0
BRDA:289,24,0,1
BRDA:289,24,1,0
BRDA:299,25,0,1
BRDA:299,25,1,0
BRDA:309,26,0,2
BRDA:309,26,1,0
BRDA:313,27,0,0
BRDA:313,27,1,0
BRDA:324,28,0,2
BRDA:324,28,1,0
BRDA:330,29,0,2
BRDA:330,29,1,0
BRDA:336,30,0,0
BRDA:336,30,1,0
BRDA:351,31,0,0
BRDA:351,31,1,4
BRDA:381,32,0,0
BRDA:381,32,1,0
BRDA:423,33,0,0
BRDA:423,33,1,0
BRDA:459,34,0,4
BRDA:459,34,1,1
BRDA:489,35,0,6
BRDA:489,35,1,0
BRDA:489,35,2,6
BRDA:501,36,0,9
BRDA:501,36,1,0
BRF:61
BRH:26
end_of_record
TN:
SF:src/components/Carousel.tsx
FN:45,(anonymous_1)
FN:59,(anonymous_2)
FN:60,(anonymous_3)
FN:92,(anonymous_4)
FN:97,(anonymous_5)
FN:99,(anonymous_6)
FN:108,(anonymous_7)
FN:112,(anonymous_8)
FN:114,(anonymous_9)
FN:123,(anonymous_10)
FN:127,(anonymous_11)
FN:136,(anonymous_12)
FN:145,(anonymous_13)
FN:164,(anonymous_14)
FN:168,(anonymous_15)
FN:173,(anonymous_16)
FN:182,(anonymous_17)
FN:191,(anonymous_18)
FN:194,(anonymous_19)
FN:212,(anonymous_20)
FN:215,(anonymous_21)
FN:217,(anonymous_22)
FN:226,(anonymous_23)
FN:227,(anonymous_24)
FN:227,(anonymous_25)
FN:231,(anonymous_26)
FN:240,(anonymous_27)
FN:257,(anonymous_28)
FN:259,(anonymous_29)
FN:289,(anonymous_30)
FN:308,(anonymous_31)
FN:317,(anonymous_32)
FN:327,(anonymous_33)
FN:333,(anonymous_34)
FN:340,(anonymous_35)
FN:379,(anonymous_36)
FN:380,(anonymous_37)
FN:390,(anonymous_38)
FN:391,(anonymous_39)
FN:402,(anonymous_40)
FN:452,(anonymous_41)
FN:453,(anonymous_42)
FN:465,(anonymous_43)
FN:466,(anonymous_44)
FN:482,(anonymous_45)
FN:511,(anonymous_46)
FN:535,(anonymous_47)
FNF:47
FNH:20
FNDA:15,(anonymous_1)
FNDA:8,(anonymous_2)
FNDA:0,(anonymous_3)
FNDA:1,(anonymous_4)
FNDA:1,(anonymous_5)
FNDA:0,(anonymous_6)
FNDA:1,(anonymous_7)
FNDA:1,(anonymous_8)
FNDA:0,(anonymous_9)
FNDA:1,(anonymous_10)
FNDA:1,(anonymous_11)
FNDA:1,(anonymous_12)
FNDA:1,(anonymous_13)
FNDA:0,(anonymous_14)
FNDA:0,(anonymous_15)
FNDA:0,(anonymous_16)
FNDA:0,(anonymous_17)
FNDA:0,(anonymous_18)
FNDA:0,(anonymous_19)
FNDA:0,(anonymous_20)
FNDA:0,(anonymous_21)
FNDA:0,(anonymous_22)
FNDA:0,(anonymous_23)
FNDA:0,(anonymous_24)
FNDA:0,(anonymous_25)
FNDA:1,(anonymous_26)
FNDA:0,(anonymous_27)
FNDA:0,(anonymous_28)
FNDA:18,(anonymous_29)
FNDA:1,(anonymous_30)
FNDA:45,(anonymous_31)
FNDA:1,(anonymous_32)
FNDA:2,(anonymous_33)
FNDA:0,(anonymous_34)
FNDA:0,(anonymous_35)
FNDA:1,(anonymous_36)
FNDA:1,(anonymous_37)
FNDA:1,(anonymous_38)
FNDA:1,(anonymous_39)
FNDA:0,(anonymous_40)
FNDA:0,(anonymous_41)
FNDA:0,(anonymous_42)
FNDA:0,(anonymous_43)
FNDA:0,(anonymous_44)
FNDA:0,(anonymous_45)
FNDA:0,(anonymous_46)
FNDA:0,(anonymous_47)
DA:7,3
DA:9,3
DA:10,3
DA:12,3
DA:15,3
DA:16,3
DA:17,3
DA:18,3
DA:21,3
DA:45,3
DA:51,15
DA:54,15
DA:55,15
DA:56,15
DA:59,15
DA:60,8
DA:61,8
DA:62,0
DA:63,0
DA:68,15
DA:69,15
DA:75,15
DA:79,15
DA:80,15
DA:86,15
DA:87,15
DA:88,15
DA:89,15
DA:92,15
DA:93,1
DA:95,1
DA:97,1
DA:98,1
DA:99,1
DA:100,1
DA:101,0
DA:103,1
DA:108,15
DA:109,1
DA:110,1
DA:112,1
DA:113,1
DA:114,1
DA:115,1
DA:116,0
DA:118,1
DA:123,15
DA:126,1
DA:127,1
DA:129,1
DA:130,1
DA:136,1
DA:137,1
DA:139,0
DA:140,0
DA:145,15
DA:146,1
DA:158,1
DA:159,1
DA:160,1
DA:161,1
DA:163,1
DA:164,0
DA:168,15
DA:171,0
DA:172,0
DA:173,0
DA:175,0
DA:176,0
DA:182,0
DA:183,0
DA:185,0
DA:186,0
DA:191,15
DA:192,0
DA:194,0
DA:195,0
DA:204,0
DA:206,0
DA:207,0
DA:208,0
DA:212,15
DA:215,15
DA:216,0
DA:217,0
DA:219,0
DA:220,0
DA:221,0
DA:222,0
DA:223,0
DA:226,15
DA:227,0
DA:228,0
DA:231,15
DA:232,1
DA:236,15
DA:237,0
DA:240,0
DA:245,15
DA:257,0
DA:260,18
DA:290,1
DA:291,1
DA:309,45
DA:317,1
DA:327,2
DA:333,0
DA:340,0
DA:380,1
DA:391,1
DA:403,0
DA:404,0
DA:453,0
DA:454,0
DA:466,0
DA:467,0
DA:483,0
DA:484,0
DA:485,0
DA:511,0
DA:535,0
DA:555,3
LF:122
LH:74
BRDA:48,0,0,15
BRDA:60,1,0,8
BRDA:60,1,1,1
BRDA:61,2,0,0
BRDA:62,3,0,0
BRDA:62,3,1,0
BRDA:63,4,0,0
BRDA:63,4,1,0
BRDA:100,5,0,0
BRDA:115,6,0,0
BRDA:150,7,0,1
BRDA:150,7,1,0
BRDA:150,8,0,1
BRDA:150,8,1,1
BRDA:153,9,0,1
BRDA:153,9,1,0
BRDA:154,10,0,1
BRDA:154,10,1,0
BRDA:163,11,0,0
BRDA:171,12,0,0
BRDA:173,13,0,0
BRDA:173,13,1,0
BRDA:182,14,0,0
BRDA:182,14,1,0
BRDA:192,15,0,0
BRDA:195,16,0,0
BRDA:195,16,1,0
BRDA:197,17,0,0
BRDA:197,17,1,0
BRDA:197,18,0,0
BRDA:197,18,1,0
BRDA:216,19,0,0
BRDA:236,20,0,0
BRDA:253,21,0,0
BRDA:253,21,1,15
BRDA:263,22,0,17
BRDA:263,22,1,1
BRDA:265,23,0,1
BRDA:265,23,1,0
BRDA:274,24,0,17
BRDA:274,24,1,1
BRDA:276,25,0,1
BRDA:276,25,1,0
BRDA:282,26,0,18
BRDA:282,26,1,18
BRDA:303,27,0,15
BRDA:303,27,1,15
BRDA:350,28,0,15
BRDA:350,28,1,5
BRDA:363,29,0,5
BRDA:363,29,1,0
BRDA:366,30,0,5
BRDA:366,30,1,5
BRDA:366,30,2,3
BRDA:421,31,0,15
BRDA:421,31,1,1
BRDA:421,31,2,1
BRDA:434,32,0,1
BRDA:434,32,1,0
BRDA:439,33,0,1
BRDA:439,33,1,1
BRDA:439,33,2,1
BRDA:454,34,0,0
BRDA:454,34,1,0
BRDA:467,35,0,0
BRDA:467,35,1,0
BRDA:493,36,0,1
BRDA:493,36,1,1
BRDA:503,37,0,15
BRDA:503,37,1,0
BRDA:527,38,0,15
BRDA:527,38,1,0
BRF:72
BRH:36
end_of_record
TN:
SF:src/components/Header.tsx
FN:9,(anonymous_0)
FNF:1
FNH:1
FNDA:4,(anonymous_0)
DA:9,2
DA:10,4
DA:28,2
LF:3
LH:3
BRF:0
BRH:0
end_of_record
TN:
SF:src/components/ItemContainer.tsx
FN:13,(anonymous_1)
FN:24,(anonymous_2)
FN:35,(anonymous_3)
FNF:3
FNH:3
FNDA:7,(anonymous_1)
FNDA:7,(anonymous_2)
FNDA:1,(anonymous_3)
DA:8,3
DA:9,3
DA:10,3
DA:11,3
DA:13,3
DA:18,7
DA:24,7
DA:25,7
DA:28,2
DA:32,3
DA:37,1
DA:38,1
DA:39,1
DA:46,1
DA:50,1
DA:54,7
DA:65,3
LF:17
LH:17
BRDA:25,0,0,2
BRDA:25,0,1,3
BRDA:25,0,2,1
BRDA:25,0,3,1
BRF:4
BRH:4
end_of_record
TN:
SF:src/components/LeftNav.tsx
FN:18,(anonymous_0)
FN:36,(anonymous_1)
FN:52,(anonymous_2)
FN:56,(anonymous_3)
FNF:4
FNH:4
FNDA:5,(anonymous_0)
FNDA:15,(anonymous_1)
FNDA:15,(anonymous_2)
FNDA:15,(anonymous_3)
DA:8,2
DA:11,2
DA:18,2
DA:22,5
DA:37,15
DA:52,2
DA:56,15
DA:61,15
DA:73,2
LF:9
LH:9
BRDA:26,0,0,4
BRDA:26,0,1,1
BRF:2
BRH:2
end_of_record
TN:
SF:src/components/LeftPanel.tsx
FN:18,(anonymous_0)
FN:29,(anonymous_1)
FN:37,(anonymous_2)
FN:41,(anonymous_3)
FNF:4
FNH:4
FNDA:3,(anonymous_0)
FNDA:9,(anonymous_1)
FNDA:9,(anonymous_2)
FNDA:9,(anonymous_3)
DA:8,2
DA:11,2
DA:18,2
DA:19,3
DA:30,9
DA:37,2
DA:41,9
DA:46,9
DA:58,2
LF:9
LH:9
BRF:0
BRH:0
end_of_record
TN:
SF:src/components/PreviewContainer.tsx
FN:17,(anonymous_1)
FN:31,(anonymous_2)
FN:33,(anonymous_3)
FN:34,(anonymous_4)
FNF:4
FNH:4
FNDA:4,(anonymous_1)
FNDA:1,(anonymous_2)
FNDA:1,(anonymous_3)
FNDA:1,(anonymous_4)
DA:8,4
DA:9,4
DA:17,4
DA:21,4
DA:24,4
DA:25,3
DA:33,1
DA:34,1
DA:35,1
DA:57,1
DA:72,4
LF:11
LH:11
BRDA:24,0,0,3
BRDA:35,1,0,1
BRDA:35,1,1,0
BRF:3
BRH:2
end_of_record
TN:
SF:src/components/RightPanel.tsx
FN:19,(anonymous_1)
FN:23,(anonymous_2)
FN:25,(anonymous_3)
FN:49,(anonymous_4)
FNF:4
FNH:4
FNDA:3,(anonymous_1)
FNDA:2,(anonymous_2)
FNDA:1,(anonymous_3)
FNDA:2,(anonymous_4)
DA:8,2
DA:9,2
DA:10,2
DA:19,2
DA:20,3
DA:23,3
DA:26,1
DA:27,1
DA:29,1
DA:31,1
DA:32,0
DA:38,3
DA:40,3
DA:50,2
DA:56,2
LF:15
LH:14
BRDA:27,0,0,1
BRDA:27,1,0,1
BRDA:27,1,1,1
BRDA:31,2,0,0
BRF:4
BRH:3
end_of_record
TN:
SF:src/components/TextEditor.tsx
FN:19,(anonymous_0)
FN:35,(anonymous_1)
FN:36,(anonymous_2)
FN:50,(anonymous_3)
FN:57,(anonymous_4)
FN:67,(anonymous_5)
FN:81,(anonymous_6)
FN:82,(anonymous_7)
FN:82,(anonymous_8)
FN:137,(anonymous_9)
FN:145,(anonymous_10)
FN:159,(anonymous_11)
FN:168,(anonymous_12)
FN:180,(anonymous_13)
FN:208,(anonymous_14)
FN:218,(anonymous_15)
FN:234,(anonymous_16)
FN:261,(anonymous_17)
FN:272,(anonymous_18)
FN:315,(anonymous_19)
FNF:20
FNH:14
FNDA:12,(anonymous_0)
FNDA:3,(anonymous_1)
FNDA:0,(anonymous_2)
FNDA:2,(anonymous_3)
FNDA:2,(anonymous_4)
FNDA:1,(anonymous_5)
FNDA:1,(anonymous_6)
FNDA:1,(anonymous_7)
FNDA:1,(anonymous_8)
FNDA:0,(anonymous_9)
FNDA:1,(anonymous_10)
FNDA:0,(anonymous_11)
FNDA:1,(anonymous_12)
FNDA:1,(anonymous_13)
FNDA:1,(anonymous_14)
FNDA:0,(anonymous_15)
FNDA:0,(anonymous_16)
FNDA:1,(anonymous_17)
FNDA:30,(anonymous_18)
FNDA:0,(anonymous_19)
DA:7,3
DA:8,3
DA:9,3
DA:17,3
DA:19,3
DA:20,12
DA:21,12
DA:24,12
DA:27,12
DA:28,12
DA:35,12
DA:36,3
DA:37,0
DA:38,0
DA:39,0
DA:40,0
DA:42,0
DA:50,12
DA:51,2
DA:57,12
DA:58,2
DA:59,2
DA:67,12
DA:68,1
DA:70,1
DA:71,1
DA:72,1
DA:74,0
DA:81,12
DA:82,1
DA:83,1
DA:95,12
DA:97,12
DA:137,0
DA:145,1
DA:159,0
DA:168,1
DA:180,1
DA:209,1
DA:219,0
DA:235,0
DA:262,1
DA:263,1
DA:273,30
DA:315,0
DA:335,3
LF:46
LH:35
BRDA:39,0,0,0
BRDA:70,1,0,1
BRDA:70,1,1,0
BRDA:88,2,0,0
BRDA:89,3,0,0
BRDA:90,4,0,0
BRDA:91,5,0,0
BRDA:92,6,0,1
BRDA:93,7,0,1
BRDA:94,8,0,1
BRDA:102,9,0,12
BRDA:102,9,1,1
BRDA:190,10,0,12
BRDA:190,10,1,3
BRDA:194,11,0,2
BRDA:194,11,1,1
BRDA:206,12,0,2
BRDA:206,12,1,1
BRDA:211,13,0,1
BRDA:211,13,1,0
BRDA:221,14,0,0
BRDA:221,14,1,0
BRDA:232,15,0,2
BRDA:232,15,1,1
BRDA:236,16,0,0
BRDA:236,16,1,0
BRDA:247,17,0,3
BRDA:247,17,1,0
BRDA:259,18,0,2
BRDA:259,18,1,1
BRDA:264,19,0,0
BRDA:264,19,1,1
BRDA:292,20,0,3
BRDA:292,20,1,1
BRDA:292,20,2,3
BRDA:306,21,0,12
BRDA:306,21,1,1
BRF:37
BRH:24
end_of_record
TN:
SF:src/contexts/MobileEditorContext.tsx
FN:31,(anonymous_0)
FN:35,(anonymous_1)
FN:48,(anonymous_2)
FN:53,(anonymous_3)
FN:89,(anonymous_4)
FN:101,(anonymous_5)
FNF:6
FNH:6
FNDA:16,(anonymous_0)
FNDA:12,(anonymous_1)
FNDA:16,(anonymous_2)
FNDA:2,(anonymous_3)
FNDA:2,(anonymous_4)
FNDA:24,(anonymous_5)
DA:1,3
DA:26,3
DA:31,3
DA:35,16
DA:36,12
DA:38,12
DA:39,12
DA:42,0
DA:43,0
DA:48,16
DA:49,16
DA:53,16
DA:55,2
DA:56,0
DA:59,0
DA:63,2
DA:89,2
DA:92,16
DA:101,3
DA:103,24
DA:106,23
DA:107,4
DA:112,19
LF:23
LH:19
BRDA:39,0,0,7
BRDA:39,0,1,5
BRDA:55,1,0,0
BRDA:106,2,0,4
BRF:4
BRH:3
end_of_record
TN:
SF:src/helpers/preventDrag.tsx
FN:10,preventDrag
FNF:1
FNH:1
FNDA:1,preventDrag
DA:10,5
DA:12,1
DA:14,1
LF:3
LH:3
BRF:0
BRH:0
end_of_record
TN:
SF:src/helpers/validateURL.tsx
FN:7,validateURL
FN:17,(anonymous_1)
FNF:2
FNH:2
FNDA:7,validateURL
FNDA:1,(anonymous_1)
DA:7,4
DA:8,7
DA:11,6
DA:15,6
DA:18,1
DA:22,5
DA:25,4
DA:26,4
DA:29,1
DA:33,1
LF:10
LH:10
BRDA:8,0,0,6
BRDA:8,0,1,1
BRDA:15,1,0,5
BRDA:15,1,1,1
BRDA:22,2,0,4
BRDA:22,2,1,1
BRDA:25,3,0,4
BRDA:25,3,1,3
BRDA:26,4,0,1
BRDA:26,4,1,3
BRF:10
BRH:10
end_of_record
